============================= test session starts ==============================
platform linux -- Python 3.13.5, pytest-9.0.2, pluggy-1.6.0
rootdir: /mnt/data/strix-halo-llamacpp
configfile: pytest.ini
testpaths: tests
plugins: ddtrace-4.4.0, metadata-3.1.1, anyio-4.12.1, Faker-40.1.2, asyncio-1.3.0, cov-7.0.0, json-report-1.5.0
asyncio: mode=Mode.STRICT, debug=False, asyncio_default_fixture_loop_scope=None, asyncio_default_test_loop_scope=function
collected 37 items

tests/test_entrypoints.py ......                                         [ 16%]
tests/test_inference.py ..s                                              [ 24%]
tests/test_models.py .............                                       [ 59%]
tests/test_parallelization.py ...                                        [ 67%]
tests/test_server.py ............                                        [100%]

======================== 36 passed, 1 skipped in 1.54s =========================
